<?xml version="1.0" encoding="UTF-8" ?>
<testsuite tests="5" failures="0" name="com.consulting4j.lazymongo.test.MongoPoJoTest" time="0.523" errors="0" skipped="0">
  <properties>
    <property name="java.runtime.name" value="Java(TM) SE Runtime Environment"/>
    <property name="sun.boot.library.path" value="D:\java\graalvm-ee-java8-20.3\jre\bin"/>
    <property name="java.vm.version" value="25.271-b09-jvmci-20.3-b06"/>
    <property name="java.vm.vendor" value="Oracle Corporation"/>
    <property name="maven.multiModuleProjectDirectory" value="C:\Users\gaogw\eclipse-workspace\lazymongo"/>
    <property name="java.vendor.url" value="http://java.oracle.com/"/>
    <property name="path.separator" value=";"/>
    <property name="guice.disable.misplaced.annotation.check" value="true"/>
    <property name="java.vm.name" value="Java HotSpot(TM) 64-Bit Server VM GraalVM EE 20.3.0"/>
    <property name="file.encoding.pkg" value="sun.io"/>
    <property name="user.script" value=""/>
    <property name="user.country" value="CN"/>
    <property name="sun.java.launcher" value="SUN_STANDARD"/>
    <property name="sun.os.patch.level" value=""/>
    <property name="java.vm.specification.name" value="Java Virtual Machine Specification"/>
    <property name="user.dir" value="C:\Users\gaogw\eclipse-workspace\lazymongo"/>
    <property name="java.runtime.version" value="1.8.0_271-b09"/>
    <property name="java.awt.graphicsenv" value="sun.awt.Win32GraphicsEnvironment"/>
    <property name="java.endorsed.dirs" value="D:\java\graalvm-ee-java8-20.3\jre\lib\endorsed"/>
    <property name="os.arch" value="amd64"/>
    <property name="java.io.tmpdir" value="C:\Users\gaogw\AppData\Local\Temp\"/>
    <property name="line.separator" value="
"/>
    <property name="java.vm.specification.vendor" value="Oracle Corporation"/>
    <property name="user.variant" value=""/>
    <property name="os.name" value="Windows 10"/>
    <property name="classworlds.conf" value="D:\java\software\apache-maven-3.6.3\bin\..\bin\m2.conf"/>
    <property name="sun.jnu.encoding" value="GBK"/>
    <property name="java.library.path" value="D:\java\graalvm-ee-java8-20.3\bin;C:\WINDOWS\Sun\Java\bin;C:\WINDOWS\system32;C:\WINDOWS;C:\Python38\Scripts\;C:\Python38\;C:\Program Files (x86)\NetSarang\Xshell 6\;C:\Program Files (x86)\Intel\Intel(R) Management Engine Components\iCLS\;C:\Program Files\Intel\Intel(R) Management Engine Components\iCLS\;C:\Windows\system32;C:\Windows;C:\Windows\System32\Wbem;C:\Windows\System32\WindowsPowerShell\v1.0\;C:\Windows\System32\OpenSSH\;C:\Program Files (x86)\Intel\Intel(R) Management Engine Components\DAL;C:\Program Files\Intel\Intel(R) Management Engine Components\DAL;C:\Program Files (x86)\Intel\Intel(R) Management Engine Components\IPT;C:\Program Files\Intel\Intel(R) Management Engine Components\IPT;C:\Program Files (x86)\NVIDIA Corporation\PhysX\Common;C:\WINDOWS\system32;C:\WINDOWS;C:\WINDOWS\System32\Wbem;C:\WINDOWS\System32\WindowsPowerShell\v1.0\;C:\WINDOWS\System32\OpenSSH\;C:\ProgramData\chocolatey\bin;D:\java\software\apache-maven-3.6.3\bin;C:\Users\gaogw\AppData\Local\Microsoft\WindowsAppsï¼›;C:\Program Files\JetBrains\CLion 2019.2.2\bin;D:\util\opencv\build;C:\Users\gaogw\AppData\Local\Microsoft\WindowsApps;C:\Program Files\TortoiseSVN\bin;D:\java\software\apache-ant-1.7.0\bin;D:\util\gradle-6.4-bin\gradle-6.4\bin;C:\Program Files\JetBrains\IntelliJ IDEA Community Edition 2020.1.1\bin;C:\Users\gaogw\AppData\Local\GitHubDesktop\bin;%IntelliJ IDEA Community Edition%;D:\util\gradle-6.6.1-bin\gradle-6.6.1\bin;D:\java\graalvm-ee-java8-20.3\bin;;."/>
    <property name="maven.conf" value="D:\java\software\apache-maven-3.6.3\bin\../conf"/>
    <property name="java.specification.name" value="Java Platform API Specification"/>
    <property name="java.class.version" value="52.0"/>
    <property name="sun.management.compiler" value="HotSpot 64-Bit Tiered Compilers"/>
    <property name="os.version" value="10.0"/>
    <property name="library.jansi.path" value="D:\java\software\apache-maven-3.6.3\bin\..\lib\jansi-native"/>
    <property name="user.home" value="C:\Users\gaogw"/>
    <property name="user.timezone" value="Asia/Shanghai"/>
    <property name="java.awt.printerjob" value="sun.awt.windows.WPrinterJob"/>
    <property name="java.specification.version" value="1.8"/>
    <property name="file.encoding" value="GBK"/>
    <property name="user.name" value="gaogw"/>
    <property name="java.class.path" value="D:\java\software\apache-maven-3.6.3\bin\..\boot\plexus-classworlds-2.6.0.jar"/>
    <property name="java.vm.specification.version" value="1.8"/>
    <property name="sun.arch.data.model" value="64"/>
    <property name="java.home" value="D:\java\graalvm-ee-java8-20.3\jre"/>
    <property name="sun.java.command" value="org.codehaus.plexus.classworlds.launcher.Launcher package"/>
    <property name="java.specification.vendor" value="Oracle Corporation"/>
    <property name="user.language" value="zh"/>
    <property name="awt.toolkit" value="sun.awt.windows.WToolkit"/>
    <property name="java.vm.info" value="mixed mode"/>
    <property name="java.version" value="1.8.0_271"/>
    <property name="java.ext.dirs" value="D:\java\graalvm-ee-java8-20.3\jre\lib\ext;C:\WINDOWS\Sun\Java\lib\ext"/>
    <property name="sun.boot.class.path" value="D:\java\graalvm-ee-java8-20.3\jre\lib\resources.jar;D:\java\graalvm-ee-java8-20.3\jre\lib\rt.jar;D:\java\graalvm-ee-java8-20.3\jre\lib\sunrsasign.jar;D:\java\graalvm-ee-java8-20.3\jre\lib\jsse.jar;D:\java\graalvm-ee-java8-20.3\jre\lib\jce.jar;D:\java\graalvm-ee-java8-20.3\jre\lib\charsets.jar;D:\java\graalvm-ee-java8-20.3\jre\lib\jfr.jar;D:\java\graalvm-ee-java8-20.3\jre\lib\jvmci-services.jar;D:\java\graalvm-ee-java8-20.3\jre\classes;D:\java\graalvm-ee-java8-20.3\jre\lib\boot\graal-sdk.jar;D:\java\graalvm-ee-java8-20.3\jre\lib\boot\graal-sdk.src.zip;D:\java\graalvm-ee-java8-20.3\jre\lib\boot\graaljs-scriptengine.jar"/>
    <property name="sun.stderr.encoding" value="ms936"/>
    <property name="java.vendor" value="Oracle Corporation"/>
    <property name="maven.home" value="D:\java\software\apache-maven-3.6.3\bin\.."/>
    <property name="file.separator" value="\"/>
    <property name="java.vendor.url.bug" value="http://bugreport.sun.com/bugreport/"/>
    <property name="sun.cpu.endian" value="little"/>
    <property name="sun.io.unicode.encoding" value="UnicodeLittle"/>
    <property name="sun.stdout.encoding" value="ms936"/>
    <property name="jvmci.Compiler" value="graal"/>
    <property name="sun.desktop" value="windows"/>
    <property name="sun.cpu.isalist" value="amd64"/>
  </properties>
  <testcase classname="com.consulting4j.lazymongo.test.MongoPoJoTest" name="testEmbeddedPoJo" time="0.513"/>
  <testcase classname="com.consulting4j.lazymongo.test.MongoPoJoTest" name="testBasicPoJo" time="0.001"/>
  <testcase classname="com.consulting4j.lazymongo.test.MongoPoJoTest" name="testCollectionPoJo" time="0.002"/>
  <testcase classname="com.consulting4j.lazymongo.test.MongoPoJoTest" name="testMapPoJo" time="0.003"/>
  <testcase classname="com.consulting4j.lazymongo.test.MongoPoJoTest" name="testMixedPoJo" time="0.004"/>
</testsuite>